<?xml version="1.0" encoding="UTF-8"?>
<!-- Generated by org.testng.reporters.JUnitReportReporter -->
<testsuite skipped="0" hostname="DESKTOP-LV83N80" name="test.LaunchBrowserTest" tests="1" failures="0" timestamp="2021-11-22T16:01:25 CST" time="3.191" errors="0">
  <testcase name="launchBrowser" time="3.191" classname="test.LaunchBrowserTest"/>
  <system-out/>
</testsuite> <!-- test.LaunchBrowserTest -->
