<?xml version="1.0" encoding="UTF-8"?>
<!-- Generated by org.testng.reporters.JUnitReportReporter -->
<testsuite skipped="0" hostname="DESKTOP-LV83N80" name="test.MonthDropDownHasAllMonths_Test" tests="1" failures="0" timestamp="2021-11-26T10:25:37 CST" time="4.050" errors="0">
  <testcase name="testMonthDropDown" time="4.050" classname="test.MonthDropDownHasAllMonths_Test"/>
  <system-out/>
</testsuite> <!-- test.MonthDropDownHasAllMonths_Test -->
