<?xml version="1.0" encoding="UTF-8"?>
<!-- Generated by org.testng.reporters.JUnitReportReporter -->
<testsuite skipped="0" hostname="DESKTOP-LV83N80" name="test.DuplicateCategoryTest" tests="1" failures="0" timestamp="2021-11-26T10:24:53 CST" time="4.033" errors="0">
  <testcase name="testDuplicateCategory" time="4.033" classname="test.DuplicateCategoryTest"/>
  <system-out/>
</testsuite> <!-- test.DuplicateCategoryTest -->
