<?xml version="1.0" encoding="UTF-8"?>
<!-- Generated by org.testng.reporters.JUnitReportReporter -->
<testsuite skipped="0" hostname="DESKTOP-LV83N80" name="test.LaunchBrowserAndAddCategoryTest" tests="1" failures="0" timestamp="2021-11-26T10:24:10 CST" time="4.708" errors="0">
  <testcase name="testlaunchBrowserandAddCategory" time="4.708" classname="test.LaunchBrowserAndAddCategoryTest"/>
  <system-out/>
</testsuite> <!-- test.LaunchBrowserAndAddCategoryTest -->
